commit 97fc6647c73e02b4ab173988adca608250b5d2a2
Merge: 89114fa 4f82ae8
Author: GreatImNate <nathan.seegmiller@utexas.edu>
Date:   Thu Oct 20 21:43:38 2016 -0500

    Worked on the models and added tests

commit 89114fa915d86866b80450915e1f35bc70035258
Author: GreatImNate <nathan.seegmiller@utexas.edu>
Date:   Thu Oct 20 21:33:56 2016 -0500

    Worked on implementing the Models and their relationships

commit 4f82ae8bf51ebd5e5e35cd47d79f94b3f3889990
Author: Phoenix Bishea <phoenixb@utexas.edu>
Date:   Thu Oct 20 21:07:34 2016 -0500

    Add html for the application

commit 28f7018b89b5bdf9604828b6d4314c7c0dd829d5
Author: Phoenix Bishea <phoenixb@utexas.edu>
Date:   Thu Oct 20 21:03:45 2016 -0500

    Add third application.py test and remove pylint from main test target

commit d39a5fc20d26b789572c40dd2dcc21bbfb116b4e
Author: Phoenix Bishea <phoenixb@utexas.edu>
Date:   Thu Oct 20 20:51:39 2016 -0500

    Remove trailing space

commit ff56625ea53a795fe772fd0e0bdfa84f0bc1048a
Merge: 2f461c5 ccd8d1c
Author: Phoenix Bishea <phoenixb@utexas.edu>
Date:   Thu Oct 20 20:50:09 2016 -0500

    Merging with dev

commit 2f461c599494beb2eed047a76aaab02d22e1e4c9
Author: Phoenix Bishea <phoenixb@utexas.edu>
Date:   Thu Oct 20 20:49:30 2016 -0500

    Add two tests for all application.py functions and remove unused data_summary.html

commit a6ecd9d00127d508568f353100d3683774ddc8dc
Author: Phoenix Bishea <phoenixb@utexas.edu>
Date:   Thu Oct 20 20:47:45 2016 -0500

    Set debug to false

commit ccd8d1c780b89fd79a585875ab1e3d85b7f36ece
Author: Julie Muzy <jmuzy@cs.utexas.edu>
Date:   Thu Oct 20 19:41:53 2016 -0500

    Fixed some typos on the about page.

commit 5f7c1f94f101af67dafa5c6c27c4fd6cc9132d09
Author: Phoenix Bishea <phoenixb@utexas.edu>
Date:   Thu Oct 20 19:22:59 2016 -0500

    Update .travis.yml so only master updates partypeople.me on forked partypeople repo

commit b19d9608656d0b29cc2348a1e8a69b756e6eec06
Author: Julie Muzy <jmuzy@cs.utexas.edu>
Date:   Thu Oct 20 18:44:03 2016 -0500

    Added a title tag to each page.

commit 3387ebaba9e1e3c77638a17b561311868dd8d12d
Author: Julie Muzy <jmuzy@cs.utexas.edu>
Date:   Thu Oct 20 18:37:46 2016 -0500

    Updated the about page to have number of commits, issues, and unit tests for each person and globally.

commit 596f17d91dfe5f74a2d5ebbaae90ee98ddc5a35c
Merge: 024a8e2 ff2279c
Author: Julie Muzy <jmuzy@cs.utexas.edu>
Date:   Thu Oct 20 18:12:38 2016 -0500

    Merge branch 'dev' of https://github.com/JulieM13/PartyPeople-Phase1 into dev

commit ff2279c81bfbb9eb96e44c1f0ed174e4a0fbfd82
Author: Phoenix Bishea <phoenixb@utexas.edu>
Date:   Thu Oct 20 17:25:42 2016 -0500

    Run autopep8 on .py files

commit 5f264c88749347a9186935b4736518a07c583e9b
Merge: aa47e2d ac95a35
Author: Phoenix Bishea <phoenixb@utexas.edu>
Date:   Thu Oct 20 17:24:47 2016 -0500

    Merge with dev. Move all models to one file.

commit aa47e2d860d4a74620118a9494215cec01f4494b
Author: Phoenix Bishea <phoenixb@utexas.edu>
Date:   Thu Oct 20 16:52:53 2016 -0500

    Move models into single models.py file, update the makefile, add module docstrings, and format *.py files

commit ac95a3560e6cf1d35d07b90ab284d5e093c12741
Author: Jason Vila <jasonvila@live.com>
Date:   Thu Oct 20 16:45:36 2016 -0500

    Fixed typos, added related links to alaska and texas election static pages

commit 3935c30dba3207c207ee6335d2a941f9d3185c38
Author: rachael Metcalf <rmetcalf@cs.utexas.edu>
Date:   Thu Oct 20 16:32:41 2016 -0500

    fixed website name displaying small

commit 3e7c3be94a4c14c5c83abacb75ca1ea869c82373
Author: rachael Metcalf <rmetcalf@cs.utexas.edu>
Date:   Thu Oct 20 16:29:53 2016 -0500

    added header to every file

commit 024a8e22c6cca1ee87f9c4693609969a29bf9289
Author: Julie Muzy <jmuzy@cs.utexas.edu>
Date:   Thu Oct 20 15:46:30 2016 -0500

    Committing to clean local repo and merge branches.

commit 2707fc84a6fdd3074ac8075b2b0fdcf52685ae1d
Author: rachael Metcalf <rmetcalf@cs.utexas.edu>
Date:   Thu Oct 20 15:40:03 2016 -0500

    fixed carousel navigation

commit 9719e41dacb154a953c64ebac0662fa955696f83
Merge: c25dc7d b983226
Author: GreatImNate <nathan.seegmiller@utexas.edu>
Date:   Thu Oct 20 12:41:40 2016 -0500

    Merge branch 'dev' of https://github.com/JulieM13/PartyPeople-Phase1 into dev

commit c25dc7d426d10ea81eedea8687a168ece979892d
Author: GreatImNate <nathan.seegmiller@utexas.edu>
Date:   Thu Oct 20 12:41:16 2016 -0500

    Updated models and beginning of test framework for models

commit 42422d0875b629518faeeddc1e8053691a604846
Author: GreatImNate <nathan.seegmiller@utexas.edu>
Date:   Thu Oct 20 12:39:43 2016 -0500

    Updated models

commit 191034e09b92d384b0a49f58ec783f851d7c1482
Author: Phoenix Bishea <phoenixb@utexas.edu>
Date:   Thu Oct 20 10:25:27 2016 -0500

    Add module docstrings to application.py

commit b983226192c54a9a3d12f6be09a422084a1663e1
Author: Itoro <esiere.i@gmail.com>
Date:   Wed Oct 19 20:45:35 2016 -0500

    UML pdf

commit 21ad802946dc5cf76a306b566a407560dfd3aae8
Author: rachael Metcalf <rmetcalf@cs.utexas.edu>
Date:   Wed Oct 19 15:05:02 2016 -0500

    added about links on homepage

commit c80c931094579028faec2dbe59f0ba804bb51712
Merge: d903650 a80a921
Author: Itoro <esiere.i@gmail.com>
Date:   Wed Oct 19 14:55:50 2016 -0500

    Merge branch 'dev' of github.com:JulieM13/PartyPeople-Phase1 into dev

commit d9036503b51810754e327ff5db0b54e92ff69469
Author: Itoro <esiere.i@gmail.com>
Date:   Wed Oct 19 14:54:53 2016 -0500

    Typo fix

commit a80a92183cd853796a40b977a6f5652b9635d49e
Merge: 7bc5abc 35f8fec
Author: rachael Metcalf <rmetcalf@cs.utexas.edu>
Date:   Wed Oct 19 14:52:15 2016 -0500

    Merge branch 'dev' of https://github.com/JulieM13/PartyPeople-Phase1 into dev

commit 7bc5abcb9bd0925c320eb4afa803af3d60323b48
Merge: 039a503 7deef31
Author: rachael Metcalf <rmetcalf@cs.utexas.edu>
Date:   Wed Oct 19 14:52:08 2016 -0500

    Merge branch 'dev' of https://github.com/JulieM13/PartyPeople-Phase1 into dev

commit 35f8fecc6999424c6f8d3474d7e9d7af57c539de
Author: Julie Muzy <jmuzy@cs.utexas.edu>
Date:   Wed Oct 19 14:51:55 2016 -0500

    Finished up the About page. Need to add final stats once we have them.

commit 7deef318293353028e90621dea9ee7a54286b0ff
Merge: 9862051 1f24218
Author: Justin <tran.d.justin@gmail.com>
Date:   Wed Oct 19 14:50:42 2016 -0500

    Merge branch 'dev' of https://github.com/JulieM13/PartyPeople-Phase1 into dev

commit 986205189540e9b10034c1b26124e9a0106ca5d5
Author: Justin <tran.d.justin@gmail.com>
Date:   Wed Oct 19 14:50:37 2016 -0500

    clean up formatting of states and elections pages

commit 039a50343e54ac62bf47053b57477cbb3015b804
Merge: db9f334 1f24218
Author: rachael Metcalf <rmetcalf@cs.utexas.edu>
Date:   Wed Oct 19 14:46:41 2016 -0500

    Merge branch 'dev' of https://github.com/JulieM13/PartyPeople-Phase1 into dev

commit db9f334ab5d68e530f259309c62d6dcb8033e45e
Author: rachael Metcalf <rmetcalf@cs.utexas.edu>
Date:   Wed Oct 19 14:46:37 2016 -0500

    added home page

commit 1f24218916a353c06ff7b78ae34e83eccc47f074
Merge: 847c836 76efacb
Author: Phoenix Bishea <phoenixb@utexas.edu>
Date:   Wed Oct 19 14:24:30 2016 -0500

    Merge template changes with makefile changes

commit 847c83618435271add29edbfa7a688d693580a38
Author: Phoenix Bishea <phoenixb@utexas.edu>
Date:   Wed Oct 19 14:23:41 2016 -0500

    Add preliminary makefile and update packages installed by .travis.yml

commit 76efacb4f1f200cb6710466e7623ea6964d42fb5
Author: Justin <tran.d.justin@gmail.com>
Date:   Wed Oct 19 13:50:56 2016 -0500

    enlarge and center text on models tables pages

commit edf485e98e77e93ec29ab1932b274b2a08840571
Author: Itoro <esiere.i@gmail.com>
Date:   Wed Oct 19 13:45:26 2016 -0500

    Bootstrap added to Parties and Candidates Static pages

commit afd14ad2ac0fbfec857982be1a67d09b9c1924b3
Author: Itoro <esiere.i@gmail.com>
Date:   Wed Oct 19 13:26:08 2016 -0500

    model template update

commit b9a4bd20c7a4e47d1dd826049a8b006fc1f7dbfd
Author: Phoenix Bishea <phoenixb@utexas.edu>
Date:   Wed Oct 19 12:56:17 2016 -0500

    Exclude __pycache__ folders with .gitignore

commit b13b6d1707901b71c7c274a44f708b184e4febe3
Author: Phoenix Bishea <phoenixb@utexas.edu>
Date:   Wed Oct 19 12:55:04 2016 -0500

    remove unneeded pycache folder

commit 515758852acbf9eee89148e4621008aa2d6bb613
Author: Phoenix Bishea <phoenixb@utexas.edu>
Date:   Wed Oct 19 12:44:25 2016 -0500

    Remove .idea IDE folder

commit f1118072f744e04738b4eb86dd91998f0d22fa9c
Author: GreatImNate <nathan.seegmiller@utexas.edu>
Date:   Wed Oct 19 12:39:31 2016 -0500

    added line in gitignore to ignore ide files, minor changes to other two files

commit 9cb7c96e53bfd3a2f793c827504c27f522df22f2
Author: Justin <tran.d.justin@gmail.com>
Date:   Tue Oct 18 19:24:20 2016 -0500

    tables now sortable

commit 97eec1fd0ef056c9eb2c1606afb5c520d8489352
Author: Julie Muzy <jmuzy@cs.utexas.edu>
Date:   Tue Oct 18 18:23:48 2016 -0500

    Started on the about page. Still awaiting information from team members and need input on data and tools used.

commit 6254166d718c9c401ee684204430cd97358d9923
Merge: 9bc0e7c bf3502a
Author: GreatImNate <nathan.seegmiller@utexas.edu>
Date:   Tue Oct 18 18:04:28 2016 -0500

    Merge branch 'dev' of https://github.com/JulieM13/PartyPeople-Phase1 into dev

commit 9bc0e7c1d94f3c891309f951b7118c14e1b305a9
Author: GreatImNate <nathan.seegmiller@utexas.edu>
Date:   Tue Oct 18 18:04:19 2016 -0500

    Started writing the schema classes for the pillars as well as writing the class for unit testing. Further investigation is needed into how to work with SQLAlchemy and postgresql. The two unit tests that have been written will work for this phase of the project and can be extrapolated to other pages easily, but will need to be revisited for later phases of the project

commit bf3502a061aae55323d16bf065c9b440233fd49b
Author: Justin <tran.d.justin@gmail.com>
Date:   Tue Oct 18 17:40:21 2016 -0500

    Add model pages with clickable links

commit b2c57058e2ce9a22f6d5c8dab23f327416d9d23b
Author: Itoro <esiere.i@gmail.com>
Date:   Tue Oct 18 17:29:47 2016 -0500

    fix broken links

commit bbd3ea42a5cd16daed220bdb51520c49b7d98422
Author: Itoro <esiere.i@gmail.com>
Date:   Tue Oct 18 17:27:33 2016 -0500

    fixed broken links

commit 38d54beb460b5fc21c969864c8f54f5cb0c09b1b
Author: Itoro <esiere.i@gmail.com>
Date:   Tue Oct 18 17:22:21 2016 -0500

    route change

commit a588d7ec7027e4c4ca586b7f5f5851476573d2ee
Author: Itoro <esiere.i@gmail.com>
Date:   Tue Oct 18 16:45:21 2016 -0500

    candidate and party static pages

commit 8efd713876368e7ee94a25f3ff44f464712ed24d
Author: Jason Vila <Jason Vila>
Date:   Tue Oct 18 13:34:01 2016 -0500

    Skeleton static pages for States and Elections.

commit e33dea4e390531a6f62000d663ee866e937f61fa
Author: Itoro <esiere.i@gmail.com>
Date:   Tue Oct 18 12:14:02 2016 -0500

    Candidate static pages

commit f9c68f156662a1f9dbc5c22d8cdf08fb34519cb7
Author: Julie Muzy <jmuzy@cs.utexas.edu>
Date:   Tue Oct 18 12:06:58 2016 -0500

    Added routes to about and models page, with dummy html files.

commit ba5883bdb14def4e9871f716735d21c2b4d73818
Author: Julie Muzy <jmuzy@cs.utexas.edu>
Date:   Tue Oct 18 12:01:50 2016 -0500

    Created routes for all the static pages and they go to dummy html pages.

commit 69e7d60da0f62eef477e56d243a2d90c5d47bae5
Author: Phoenix Bishea <phoenixb@utexas.edu>
Date:   Mon Oct 17 21:33:01 2016 -0500

    Attempt to fix .travis.yml formatting

commit e0013efddbb0f86a3c24bc72f7bc40b980373bb4
Author: Phoenix Bishea <phoenixb@utexas.edu>
Date:   Mon Oct 17 21:29:52 2016 -0500

    Trigger build to test deployment

commit c30599e8296e16cc94bfd59f1f3b7a404c15a04a
Author: Phoenix Bishea <phoenixb@utexas.edu>
Date:   Mon Oct 17 21:25:53 2016 -0500

    Try splitting deployment into dev and master branch

commit c67401549aba663472014523a7ad334a9995b076
Merge: 5ef73af 95bcba2
Author: Phoenix Bishea <phoenixb@utexas.edu>
Date:   Mon Oct 17 21:17:44 2016 -0500

    Attempt to fix encryption key again

commit 5ef73af7896f26881ff11665e732eaff98eda891
Author: Phoenix Bishea <phoenixb@utexas.edu>
Date:   Mon Oct 17 21:15:08 2016 -0500

    Try fixing encryption keys again

commit 95bcba23839fdd870aa76fbd4724e127493cdac2
Merge: f6d3b7b 4f61316
Author: GreatImNate <nathan.seegmiller@utexas.edu>
Date:   Mon Oct 17 21:11:48 2016 -0500

    Merge branch 'dev' of https://github.com/JulieM13/PartyPeople-Phase1 into dev

commit f6d3b7bf649df5c430774e344a74d53058a110aa
Author: GreatImNate <nathan.seegmiller@utexas.edu>
Date:   Mon Oct 17 21:09:39 2016 -0500

    Adding Bootstrap to the directory

commit 4f61316ceabaac4ead6f368d2ccdb49640e451fc
Author: Phoenix Bishea <phoenixb@utexas.edu>
Date:   Mon Oct 17 21:07:20 2016 -0500

    Update encryption keys

commit 4c89aadd5cddb0b86e29c08b3ee077f6ee5dbe7a
Merge: 116f07d 5f547d8
Author: Phoenix Bishea <phoenixb@utexas.edu>
Date:   Mon Oct 17 20:49:46 2016 -0500

    merge files

commit 116f07da3aa09d0fa71e0277699516f577be3169
Author: Phoenix Bishea <phoenixb@utexas.edu>
Date:   Mon Oct 17 20:47:20 2016 -0500

    Add .travis.yml file

commit 4044a69201f8f8cfa1042bc0abb76c9a74d53715
Author: Phoenix Bishea <phoenixb@utexas.edu>
Date:   Mon Oct 17 20:46:48 2016 -0500

    Rearrange files, add .travis.yml that builds on push, cleanup existing files, and update .gitignore

commit 5f547d822df1e0bcaa72230b914efc0473055dc0
Author: GreatImNate <nathan.seegmiller@utexas.edu>
Date:   Mon Oct 17 20:40:35 2016 -0500

    removed the folder containing the virtual env as it is unecessary

commit 19375e02bc27955530a928c6562b60f8ff724d5e
Author: GreatImNate <nathan.seegmiller@utexas.edu>
Date:   Mon Oct 17 16:16:08 2016 -0500

    Hello world starting point

commit 36af96a3fb9eb4d3ed7c822ea51dae3cf6505735
Author: Julie Muzy <julie.m.muzy@gmail.com>
Date:   Sun Oct 16 18:09:42 2016 -0500

    Initial commit
