commit da755c53c413d7d21fd7b353936eb5fabeb1a909
Author: Phoenix Bishea <phoenixb@utexas.edu>
Date:   Thu Nov 3 21:36:54 2016 -0500

    remove favicon

commit 158c5ff691bdfa135d3c7fb5c1309971337c0306
Author: Phoenix Bishea <phoenixb@utexas.edu>
Date:   Thu Nov 3 21:28:08 2016 -0500

    strip api

commit 116daf9963be87c3bbacfdede3ef1abb7e3048ad
Author: Julie Muzy <jmuzy@cs.utexas.edu>
Date:   Thu Nov 3 21:12:00 2016 -0500

    Updating requirements.txt so site can deploy.

commit a2d8e07970a922eec09b59ac29d667a2c503b66a
Author: Julie Muzy <jmuzy@cs.utexas.edu>
Date:   Thu Nov 3 20:51:02 2016 -0500

    Updating travis yml

commit b117fff9d0a4fe60614fe0f38b466de37b245699
Merge: 6b44b15 1f50285
Author: Julie Muzy <julie.m.muzy@gmail.com>
Date:   Thu Nov 3 20:36:38 2016 -0500

    Merge pull request #56 from JulieM13/master
    
    Merging to see if Candidates Table works correctly

commit 1f50285bc294d4418be001fd9eb4408b892072dc
Merge: 1aaa2d7 e810ae4
Author: Julie Muzy <jmuzy@cs.utexas.edu>
Date:   Thu Nov 3 20:33:33 2016 -0500

    Merge branch 'master' of https://github.com/JulieM13/PartyPeople-Phase1

commit 1aaa2d76f3bf63a3cea3ce66d1817b79131ad24b
Author: Julie Muzy <jmuzy@cs.utexas.edu>
Date:   Thu Nov 3 20:32:53 2016 -0500

    might have candidates table.

commit 8179abcf6cee1a05a42374588d39156084906597
Author: Julie Muzy <jmuzy@cs.utexas.edu>
Date:   Thu Nov 3 20:19:43 2016 -0500

    hi phoenix

commit 0a8e4e09969e6616171d60baf7b5183076e33736
Merge: 4e4ca55 688bf3a
Author: Phoenix Bishea <phoenixb@utexas.edu>
Date:   Thu Nov 3 20:18:56 2016 -0500

    merge with julie

commit 4e4ca55ecf5859aec04b39a30016eca82a194283
Author: Phoenix Bishea <phoenixb@utexas.edu>
Date:   Thu Nov 3 20:18:27 2016 -0500

    Update db pointer, makefile, and api tests

commit 688bf3add04507d9bb916d70cc8ece92305f29e1
Author: Julie Muzy <jmuzy@cs.utexas.edu>
Date:   Thu Nov 3 20:13:45 2016 -0500

    Commiting so that I can move to a pc with a local db.

commit 547e5f3f16de1034e630599cb4a3c4d71a7f5b3f
Author: Phoenix Bishea <phoenixb@utexas.edu>
Date:   Thu Nov 3 19:40:04 2016 -0500

    Update requirements.txt and .gitignore. Add api and api tests. Add a way for the website to query the test results using hte api

commit 223b71c713cd5349f2db9960649432e2d8e9fc02
Merge: afb2eda ac3f96c
Author: GreatImNate <nathan.seegmiller@utexas.edu>
Date:   Thu Nov 3 18:40:37 2016 -0500

    Merge branch 'dev' of https://github.com/JulieM13/PartyPeople-Phase1 into dev

commit afb2eda502ed47c1a05398d71f74f0b6e2047f21
Author: GreatImNate <nathan.seegmiller@utexas.edu>
Date:   Thu Nov 3 18:40:06 2016 -0500

    Successfully loaded data into the DB in the CLOUD

commit ac3f96c889b494a1542c16cffe1d97b94dc55049
Author: Julie Muzy <jmuzy@cs.utexas.edu>
Date:   Thu Nov 3 17:49:27 2016 -0500

    Added div so that so that test output can just be inserted there on about page.

commit 1aa9751853a9b96759b9b7e6243eb81ac4786848
Author: Julie Muzy <jmuzy@cs.utexas.edu>
Date:   Thu Nov 3 17:33:57 2016 -0500

    Updated the about page to have the correct number of issues. Still need to do commits.

commit cec6f4dbd8b0d80c2a39fafd2fd5c0e49478a9cd
Author: Julie Muzy <jmuzy@cs.utexas.edu>
Date:   Thu Nov 3 17:29:31 2016 -0500

    Played around with linking things, waiting on data.

commit f0bc86b42cbecc8895611ec65a5f6b1e37d29a74
Author: Julie Muzy <jmuzy@cs.utexas.edu>
Date:   Thu Nov 3 16:17:55 2016 -0500

    Prepped the details components for api usage.

commit 67681eee006bbeb29f7ab05e556996d7d6169af7
Author: Julie Muzy <jmuzy@cs.utexas.edu>
Date:   Thu Nov 3 16:04:48 2016 -0500

    Added a service to be able to get api data. Prepped all table componenets to use this service.

commit 62f2243d6386804f36ca8f4c39fb47d121cb1c10
Merge: d3915e9 84dcbc3
Author: Julie Muzy <jmuzy@cs.utexas.edu>
Date:   Thu Nov 3 14:11:15 2016 -0500

    Merge branch 'dev' of https://github.com/JulieM13/PartyPeople-Phase1 into dev

commit d3915e9e7801a030fb1945919b7277297df92a81
Author: Julie Muzy <jmuzy@cs.utexas.edu>
Date:   Thu Nov 3 14:10:57 2016 -0500

    Updated the about page to have information about how data was collected. Also updated the frontend section to include info about angular2.

commit 84dcbc38ed7e431d3a51ddf4e923523a523a89b5
Author: GreatImNate <nathan.seegmiller@utexas.edu>
Date:   Thu Nov 3 14:08:39 2016 -0500

    Updated Script that loads everything into the database, fixed bugs were relation wasn't being saved

commit e810ae41872089ad67f0e867712e4f362cf9e9dc
Author: Justin Tran <justintran@utexas.edu>
Date:   Wed Nov 2 18:21:14 2016 -0500

    Add IDB2 (updated UML)

commit 89a596750ca6f860770052270a996d2ddc420c60
Author: Justin Tran <justintran@utexas.edu>
Date:   Wed Nov 2 18:20:47 2016 -0500

    Delete IDB1.pdf

commit 066f069a2962dbec168c12680bd3b70ebc203758
Merge: 1a3ecdc 298ebb8
Author: GreatImNate <nathan.seegmiller@utexas.edu>
Date:   Wed Nov 2 17:41:42 2016 -0500

    Merge branch 'dev' of https://github.com/JulieM13/PartyPeople-Phase1 into dev

commit 1a3ecdc60d42fc0a9cf4a048f7df972ca5822df1
Author: GreatImNate <nathan.seegmiller@utexas.edu>
Date:   Wed Nov 2 17:40:56 2016 -0500

    Adding script that fills the database

commit 298ebb81660c79de5023ee2e887ed48ddff76616
Merge: 519a7dc 1b5ae1c
Author: Julie Muzy <jmuzy@cs.utexas.edu>
Date:   Wed Nov 2 17:30:10 2016 -0500

    Merge branch 'dev' of https://github.com/JulieM13/PartyPeople-Phase1 into dev

commit 519a7dcdb410a28a46fc9b12a268f9ced1cae90e
Author: Julie Muzy <jmuzy@cs.utexas.edu>
Date:   Wed Nov 2 17:29:52 2016 -0500

    Updated each person's responsibilities for Phase 2

commit 1b5ae1c3195b92aacc94a86e8068114f0753a8c6
Merge: 06f90b9 b532336
Author: rachael Metcalf <rmetcalf@cs.utexas.edu>
Date:   Wed Nov 2 16:43:27 2016 -0500

    Merge branch 'dev' of https://github.com/JulieM13/PartyPeople-Phase1 into dev

commit 06f90b9eb6e3ee5a608a2a82aabc1b5f97d581cb
Author: Julie Muzy <jmuzy@cs.utexas.edu>
Date:   Wed Nov 2 16:32:18 2016 -0500

    Added a search bar to each table.

commit fb40e8596bf608673fe90ee67bdb149121078f7b
Author: Julie Muzy <jmuzy@cs.utexas.edu>
Date:   Wed Nov 2 16:24:27 2016 -0500

    Prepped About page to run unit tests.

commit 5f148e45033b3479d3001a2195374e00ba13194a
Author: Julie Muzy <jmuzy@cs.utexas.edu>
Date:   Wed Nov 2 15:50:03 2016 -0500

    Hopefully updated the travis yml file for partypeople-DEV repo.

commit 40a9e3132a8eedce84526ad0e6f496a235c0fc9d
Author: rachael Metcalf <rmetcalf@cs.utexas.edu>
Date:   Wed Nov 2 16:39:09 2016 -0500

    fixes about to work on small screens

commit 9cba925d0ae1891eeb9cb1c90d382f054d717937
Author: rachael Metcalf <rmetcalf@cs.utexas.edu>
Date:   Wed Nov 2 16:26:20 2016 -0500

    added favicon

commit 84d5d3c6f39ae470ac00b16b1524372907cba795
Author: rachael Metcalf <rmetcalf@cs.utexas.edu>
Date:   Wed Nov 2 15:49:15 2016 -0500

    fixed details title display

commit c49dd2a8c511673378f7e3fcad582ee0fc5350dc
Author: Julie Muzy <jmuzy@cs.utexas.edu>
Date:   Wed Nov 2 15:40:05 2016 -0500

    Removed outdated python models files.

commit 471849e97255489fab99decf60e76f76ed0a1f78
Author: Julie Muzy <jmuzy@cs.utexas.edu>
Date:   Wed Nov 2 15:39:01 2016 -0500

    Cleaned up the files in the directory.

commit b53233632d715231abb3cc73df9954828ed0da46
Author: Julie Muzy <jmuzy@cs.utexas.edu>
Date:   Wed Nov 2 16:32:18 2016 -0500

    Added a search bar to each table.

commit c80673da5e07498d1f4ddca2fd2194136a2509f6
Author: Julie Muzy <jmuzy@cs.utexas.edu>
Date:   Wed Nov 2 16:24:27 2016 -0500

    Prepped About page to run unit tests.

commit 3f0a718a04d4f02546404823eebaabc6fbb2b6a8
Merge: 55ebd8f 4349e9e
Author: Julie Muzy <jmuzy@cs.utexas.edu>
Date:   Wed Nov 2 15:50:21 2016 -0500

    Merge branch 'dev' of https://github.com/JulieM13/PartyPeople-Phase1 into dev

commit 55ebd8f11559b5268e82eba1e3fe4e467351486d
Author: Julie Muzy <jmuzy@cs.utexas.edu>
Date:   Wed Nov 2 15:50:03 2016 -0500

    Hopefully updated the travis yml file for partypeople-DEV repo.

commit 4349e9e19239624b18c6c6663ae4dba00f1ff810
Author: rachael Metcalf <rmetcalf@cs.utexas.edu>
Date:   Wed Nov 2 15:49:15 2016 -0500

    fixed details title display

commit 151b332361a8e0a83d50f353dd015a169c4786cb
Author: Julie Muzy <jmuzy@cs.utexas.edu>
Date:   Wed Nov 2 15:40:05 2016 -0500

    Removed outdated python models files.

commit 8d81b24e8d22b070a82d44cb314676e2d1157b2e
Author: Julie Muzy <jmuzy@cs.utexas.edu>
Date:   Wed Nov 2 15:39:01 2016 -0500

    Cleaned up the files in the directory.

commit 6b44b15fcbc7d62fb4b3b963aedffc811151244b
Merge: 7053cbc eb74c0d
Author: Julie Muzy <julie.m.muzy@gmail.com>
Date:   Wed Nov 2 15:32:36 2016 -0500

    Merge pull request #51 from JulieM13/master
    
    Checking that partypeople.me will run the angular site

commit eb74c0d7ebb1d2247185084cca21fcf400687e43
Merge: c60408b d8f4efa
Author: Julie Muzy <jmuzy@cs.utexas.edu>
Date:   Wed Nov 2 15:24:22 2016 -0500

    Merging dev into master to I can do a pull request into the GitHub Classroom and make sure partypeople.me will run the angular site.

commit d8f4efa8f18b5b08e08d2512249d8bdb931dc505
Author: Julie Muzy <jmuzy@cs.utexas.edu>
Date:   Wed Nov 2 15:21:46 2016 -0500

    Updated all the tables so they are sortable with pagination.

commit d58158f06b27031e589bf606b340bda57971d398
Author: Julie Muzy <jmuzy@cs.utexas.edu>
Date:   Wed Nov 2 15:12:49 2016 -0500

    Added pagination to sorted tables.

commit 85c06b50f3bbffafd264c5dd847b77924799616b
Author: Julie Muzy <jmuzy@cs.utexas.edu>
Date:   Wed Nov 2 15:10:04 2016 -0500

    Have a sample table for states.

commit 3db90569ffeef1be9ba1be3ab46dd3982d150e73
Author: Julie Muzy <jmuzy@cs.utexas.edu>
Date:   Wed Nov 2 14:53:07 2016 -0500

    HAVE A FREAKING SORTING TABLE. Basics of one, at least.

commit c1fea3a88916ed047eaa96f6946758dd8fec4474
Author: GreatImNate <nathan.seegmiller@utexas.edu>
Date:   Wed Nov 2 10:54:45 2016 -0500

    Models being merged with the Angular code

commit 3992534d5e20309d1afc117d7c29495863986942
Merge: fb7a9f2 ce12ddf
Author: GreatImNate <nathan.seegmiller@utexas.edu>
Date:   Wed Nov 2 10:52:59 2016 -0500

    Merge branch 'dev' of https://github.com/JulieM13/PartyPeople-Phase1 into dev

commit fb7a9f2c6c2a210dbe169a653fa400a322de0e4f
Author: GreatImNate <nathan.seegmiller@utexas.edu>
Date:   Wed Nov 2 10:52:25 2016 -0500

    Updated models, init file, and unit tests. Trying to look into API and Queries

commit ce12ddf7aa2166bf65b145fa07512d15c0b31006
Author: Rachael Metcalf <rem10@sbcglobal.net>
Date:   Wed Nov 2 03:05:14 2016 -0500

    changed color of hover for site name in header

commit c6d7f9e1d13af703a1bee287571dfb30e1ef5019
Author: Rachael Metcalf <rem10@sbcglobal.net>
Date:   Wed Nov 2 03:03:14 2016 -0500

    put back some CSS I actually needed

commit f2a194ea13a250822119aacb636a362c95d9f218
Author: Rachael Metcalf <rem10@sbcglobal.net>
Date:   Wed Nov 2 03:00:59 2016 -0500

    removed some unused CSS

commit 7ddb082ac6e306c8e613f88f97c6ba9e5446277c
Author: Rachael Metcalf <rem10@sbcglobal.net>
Date:   Wed Nov 2 02:42:31 2016 -0500

    cleaned up details pages

commit 5f6aeb21398c5323caafd046d73154a8561356cc
Author: Rachael Metcalf <rem10@sbcglobal.net>
Date:   Wed Nov 2 01:52:06 2016 -0500

    clean up homepage and header

commit c2ac1c51530e28a504811c7d52f495f02450c8db
Author: Julie Muzy <jmuzy@cs.utexas.edu>
Date:   Tue Nov 1 17:59:34 2016 -0500

    Attempted to fix sorting tables, did not suceed.

commit 26cf0ff843c8a1a9ba348fc757f5a7d4984334fd
Author: Julie Muzy <jmuzy@cs.utexas.edu>
Date:   Tue Nov 1 17:35:17 2016 -0500

    Added the other table and details components for each model. Ready for the data!

commit 6d9a1b91db54cfcb38a03a9a1095c9c3b1fff402
Author: Julie Muzy <jmuzy@cs.utexas.edu>
Date:   Tue Nov 1 17:03:32 2016 -0500

    Removing unneeded files.

commit 9a1dcc057ce06df056480a58298d326e4388cb91
Merge: adfced1 fcb6009
Author: Julie Muzy <jmuzy@cs.utexas.edu>
Date:   Tue Nov 1 17:01:10 2016 -0500

    Merge branch 'dev' of https://github.com/JulieM13/PartyPeople-Phase1 into dev

commit adfced1fa1416b6b3a9ee2c931ba729c796eabae
Merge: 1184f45 744f06d
Author: Julie Muzy <jmuzy@cs.utexas.edu>
Date:   Tue Nov 1 16:57:38 2016 -0500

    Merging angular (with flask and angular working together) into dev. Angular branch will be killed.

commit c60408bf21447687af7c5d6dac8652e351cd1692
Merge: 16e8015 1184f45
Author: Julie Muzy <jmuzy@cs.utexas.edu>
Date:   Tue Nov 1 16:53:20 2016 -0500

    Merging dev into master so I can put angular into dev.

commit 744f06d74a50ac3113345327cb0d10fb7cce1197
Author: Julie Muzy <jmuzy@cs.utexas.edu>
Date:   Tue Nov 1 16:42:00 2016 -0500

    Fixed a few stylesheet linking errors when integrating Angular2 and Flask.

commit 992e151a10ea5ab027b3f5f763c7eb492d4dbb38
Author: Julie Muzy <jmuzy@cs.utexas.edu>
Date:   Tue Nov 1 15:44:42 2016 -0500

    I think I integrated Angualr2 and Flask?

commit fcb60097aca81a1eb1a221e04226f0b5f8682268
Author: GreatImNate <nathan.seegmiller@utexas.edu>
Date:   Tue Nov 1 14:42:03 2016 -0500

    updated models, and better tests for those models, starting to write the queries

commit 35308e07a25a8eefdfd72dbb65033ac7d593dbf3
Author: Julie Muzy <jmuzy@cs.utexas.edu>
Date:   Tue Nov 1 12:25:11 2016 -0500

    Finished basic table and details page for states. Still need to figure out how to make tables sortable.

commit 54dbf0bce5c2dc8162dde1b03b89bda8c89d68db
Author: Julie Muzy <jmuzy@cs.utexas.edu>
Date:   Mon Oct 31 17:11:45 2016 -0500

    Pushing terrible code so people can help me debug. Known bugs: states/id isn't working, and table isn't sortable.

commit cf8cebf94c0be73178130a5643f2f5dce24a31b7
Author: Julie Muzy <jmuzy@cs.utexas.edu>
Date:   Fri Oct 28 12:47:53 2016 -0500

    Create a basic dynamic table component. Fixed the bug where exceeded maximum stack calls. Should prefix everything with pp- to avoid later errors.

commit b560390bba9e5e4254481c6d3f9c904bcaf6a846
Author: Julie Muzy <jmuzy@cs.utexas.edu>
Date:   Fri Oct 28 11:22:05 2016 -0500

    Have basic angular app. Have header, home, about components. Started table component, but it's not cooperating. Run npm start to see app.

commit 1184f45b8c6bdd8cc1494a94d9494350d3ea54a9
Author: GreatImNate <nathan.seegmiller@utexas.edu>
Date:   Thu Oct 27 13:51:30 2016 -0500

    Starting to add more unit tests for each model. Three tests for states have been written, others still need more tests

commit 1a5a3fe398dd7cb757f710de3fd7a79f412bb06c
Author: GreatImNate <nathan.seegmiller@utexas.edu>
Date:   Wed Oct 26 18:54:13 2016 -0500

    better model representation with multiple and intermediate tables. Relationships are cleaner and no circular relationships, tests that are written now testing insertion into the table all pass on my local machine, more tests still needed to verify that the relationships work properly

commit efd848b88c78bac8992987fe9d1d53588666466f
Author: GreatImNate <nathan.seegmiller@utexas.edu>
Date:   Tue Oct 25 13:58:42 2016 -0500

    Reworking the models, starting with State, adding in single relationship between states and candidates, will start to add the other dependancies

commit 7053cbca61770f105c3e5bfe8de2378704627620
Merge: 17e2305 16e8015
Author: Julie Muzy <julie.m.muzy@gmail.com>
Date:   Thu Oct 20 21:51:27 2016 -0500

    Merge pull request #26 from JulieM13/master
    
    Phase1 Submit

commit 16e8015015568a8bfe56ade7be8baf50c136a2f5
Author: Julie Muzy <jmuzy@cs.utexas.edu>
Date:   Thu Oct 20 21:50:25 2016 -0500

    Github master travis yml

commit 3456d88704bbf0a9c542f07c5dd4e8eb9fe85093
Merge: 96a239a 127eda7
Author: Julie Muzy <jmuzy@cs.utexas.edu>
Date:   Thu Oct 20 21:46:10 2016 -0500

    Merged dev into master.

commit 127eda78de3676e1d1d2e7b453e37adc7416f2a1
Author: GreatImNate <nathan.seegmiller@utexas.edu>
Date:   Thu Oct 20 21:44:20 2016 -0500

    Adding the log

commit 97fc6647c73e02b4ab173988adca608250b5d2a2
Merge: 89114fa 4f82ae8
Author: GreatImNate <nathan.seegmiller@utexas.edu>
Date:   Thu Oct 20 21:43:38 2016 -0500

    Worked on the models and added tests

commit 89114fa915d86866b80450915e1f35bc70035258
Author: GreatImNate <nathan.seegmiller@utexas.edu>
Date:   Thu Oct 20 21:33:56 2016 -0500

    Worked on implementing the Models and their relationships

commit 4f82ae8bf51ebd5e5e35cd47d79f94b3f3889990
Author: Phoenix Bishea <phoenixb@utexas.edu>
Date:   Thu Oct 20 21:07:34 2016 -0500

    Add html for the application

commit 28f7018b89b5bdf9604828b6d4314c7c0dd829d5
Author: Phoenix Bishea <phoenixb@utexas.edu>
Date:   Thu Oct 20 21:03:45 2016 -0500

    Add third application.py test and remove pylint from main test target

commit d39a5fc20d26b789572c40dd2dcc21bbfb116b4e
Author: Phoenix Bishea <phoenixb@utexas.edu>
Date:   Thu Oct 20 20:51:39 2016 -0500

    Remove trailing space

commit ff56625ea53a795fe772fd0e0bdfa84f0bc1048a
Merge: 2f461c5 ccd8d1c
Author: Phoenix Bishea <phoenixb@utexas.edu>
Date:   Thu Oct 20 20:50:09 2016 -0500

    Merging with dev

commit 2f461c599494beb2eed047a76aaab02d22e1e4c9
Author: Phoenix Bishea <phoenixb@utexas.edu>
Date:   Thu Oct 20 20:49:30 2016 -0500

    Add two tests for all application.py functions and remove unused data_summary.html

commit a6ecd9d00127d508568f353100d3683774ddc8dc
Author: Phoenix Bishea <phoenixb@utexas.edu>
Date:   Thu Oct 20 20:47:45 2016 -0500

    Set debug to false

commit 17e23057d879170342cc48d936a1e0ddc2098f82
Author: Julie Muzy <julie.m.muzy@gmail.com>
Date:   Thu Oct 20 20:01:48 2016 -0500

    Actually transferring API documentation

commit ccd8d1c780b89fd79a585875ab1e3d85b7f36ece
Author: Julie Muzy <jmuzy@cs.utexas.edu>
Date:   Thu Oct 20 19:41:53 2016 -0500

    Fixed some typos on the about page.

commit 5d5f8cc27177dd245d5c15fa3221ec327da00d33
Author: Julie Muzy <julie.m.muzy@gmail.com>
Date:   Thu Oct 20 19:30:10 2016 -0500

    Adding the API documentation from Apiary

commit 5f7c1f94f101af67dafa5c6c27c4fd6cc9132d09
Author: Phoenix Bishea <phoenixb@utexas.edu>
Date:   Thu Oct 20 19:22:59 2016 -0500

    Update .travis.yml so only master updates partypeople.me on forked partypeople repo

commit 5a423aa443964665aecf5282b9a74d25aa5965b4
Author: Phoenix Bishea <phoenixb@utexas.edu>
Date:   Thu Oct 20 19:14:09 2016 -0500

    Update .travis.yml security keys and have commits to github classroom master deploy to partypeople.me

commit 3212c3084e020ce0cbf620819d4929b8d025dc5b
Merge: 2059585 96a239a
Author: Julie Muzy <julie.m.muzy@gmail.com>
Date:   Thu Oct 20 19:02:10 2016 -0500

    Merge pull request #25 from JulieM13/master
    
    Pulling work from our dev repo to graded GitHub Classroom repo

commit 2059585de2ff21c93b92e69eabb19c8654de47d2
Author: Julie Muzy <jmuzy@cs.utexas.edu>
Date:   Thu Oct 20 19:01:09 2016 -0500

    Removed apiary.apib so I can merge from dev repo.

commit 96a239a00b7b928db3ea3a46ccb4ebcc4869d8b4
Merge: 517383d b19d960
Author: Julie Muzy <jmuzy@cs.utexas.edu>
Date:   Thu Oct 20 18:49:29 2016 -0500

    Merging dev into master so I can create a pull request into the master of github classroom (the repo that's being graded).

commit b19d9608656d0b29cc2348a1e8a69b756e6eec06
Author: Julie Muzy <jmuzy@cs.utexas.edu>
Date:   Thu Oct 20 18:44:03 2016 -0500

    Added a title tag to each page.

commit 3387ebaba9e1e3c77638a17b561311868dd8d12d
Author: Julie Muzy <jmuzy@cs.utexas.edu>
Date:   Thu Oct 20 18:37:46 2016 -0500

    Updated the about page to have number of commits, issues, and unit tests for each person and globally.

commit 596f17d91dfe5f74a2d5ebbaae90ee98ddc5a35c
Merge: 024a8e2 ff2279c
Author: Julie Muzy <jmuzy@cs.utexas.edu>
Date:   Thu Oct 20 18:12:38 2016 -0500

    Merge branch 'dev' of https://github.com/JulieM13/PartyPeople-Phase1 into dev

commit ff2279c81bfbb9eb96e44c1f0ed174e4a0fbfd82
Author: Phoenix Bishea <phoenixb@utexas.edu>
Date:   Thu Oct 20 17:25:42 2016 -0500

    Run autopep8 on .py files

commit 5f264c88749347a9186935b4736518a07c583e9b
Merge: aa47e2d ac95a35
Author: Phoenix Bishea <phoenixb@utexas.edu>
Date:   Thu Oct 20 17:24:47 2016 -0500

    Merge with dev. Move all models to one file.

commit aa47e2d860d4a74620118a9494215cec01f4494b
Author: Phoenix Bishea <phoenixb@utexas.edu>
Date:   Thu Oct 20 16:52:53 2016 -0500

    Move models into single models.py file, update the makefile, add module docstrings, and format *.py files

commit ac95a3560e6cf1d35d07b90ab284d5e093c12741
Author: Jason Vila <jasonvila@live.com>
Date:   Thu Oct 20 16:45:36 2016 -0500

    Fixed typos, added related links to alaska and texas election static pages

commit 3935c30dba3207c207ee6335d2a941f9d3185c38
Author: rachael Metcalf <rmetcalf@cs.utexas.edu>
Date:   Thu Oct 20 16:32:41 2016 -0500

    fixed website name displaying small

commit 3e7c3be94a4c14c5c83abacb75ca1ea869c82373
Author: rachael Metcalf <rmetcalf@cs.utexas.edu>
Date:   Thu Oct 20 16:29:53 2016 -0500

    added header to every file

commit 517383d6ce2ea40056a65d8f071628c8e3d231c5
Merge: 006a816 024a8e2
Author: Julie Muzy <jmuzy@cs.utexas.edu>
Date:   Thu Oct 20 15:52:23 2016 -0500

    Merging files from dev branch.

commit 024a8e22c6cca1ee87f9c4693609969a29bf9289
Author: Julie Muzy <jmuzy@cs.utexas.edu>
Date:   Thu Oct 20 15:46:30 2016 -0500

    Committing to clean local repo and merge branches.

commit 2707fc84a6fdd3074ac8075b2b0fdcf52685ae1d
Author: rachael Metcalf <rmetcalf@cs.utexas.edu>
Date:   Thu Oct 20 15:40:03 2016 -0500

    fixed carousel navigation

commit 9719e41dacb154a953c64ebac0662fa955696f83
Merge: c25dc7d b983226
Author: GreatImNate <nathan.seegmiller@utexas.edu>
Date:   Thu Oct 20 12:41:40 2016 -0500

    Merge branch 'dev' of https://github.com/JulieM13/PartyPeople-Phase1 into dev

commit c25dc7d426d10ea81eedea8687a168ece979892d
Author: GreatImNate <nathan.seegmiller@utexas.edu>
Date:   Thu Oct 20 12:41:16 2016 -0500

    Updated models and beginning of test framework for models

commit 42422d0875b629518faeeddc1e8053691a604846
Author: GreatImNate <nathan.seegmiller@utexas.edu>
Date:   Thu Oct 20 12:39:43 2016 -0500

    Updated models

commit 191034e09b92d384b0a49f58ec783f851d7c1482
Author: Phoenix Bishea <phoenixb@utexas.edu>
Date:   Thu Oct 20 10:25:27 2016 -0500

    Add module docstrings to application.py

commit 8c4108bdaaead9449d6366e08aed9600e80c7ba3
Author: Julie Muzy <julie.m.muzy@gmail.com>
Date:   Wed Oct 19 21:13:23 2016 -0500

    Updated the Apiary API, and added descriptions of each call

commit b983226192c54a9a3d12f6be09a422084a1663e1
Author: Itoro <esiere.i@gmail.com>
Date:   Wed Oct 19 20:45:35 2016 -0500

    UML pdf

commit 21ad802946dc5cf76a306b566a407560dfd3aae8
Author: rachael Metcalf <rmetcalf@cs.utexas.edu>
Date:   Wed Oct 19 15:05:02 2016 -0500

    added about links on homepage

commit c80c931094579028faec2dbe59f0ba804bb51712
Merge: d903650 a80a921
Author: Itoro <esiere.i@gmail.com>
Date:   Wed Oct 19 14:55:50 2016 -0500

    Merge branch 'dev' of github.com:JulieM13/PartyPeople-Phase1 into dev

commit d9036503b51810754e327ff5db0b54e92ff69469
Author: Itoro <esiere.i@gmail.com>
Date:   Wed Oct 19 14:54:53 2016 -0500

    Typo fix

commit a80a92183cd853796a40b977a6f5652b9635d49e
Merge: 7bc5abc 35f8fec
Author: rachael Metcalf <rmetcalf@cs.utexas.edu>
Date:   Wed Oct 19 14:52:15 2016 -0500

    Merge branch 'dev' of https://github.com/JulieM13/PartyPeople-Phase1 into dev

commit 7bc5abcb9bd0925c320eb4afa803af3d60323b48
Merge: 039a503 7deef31
Author: rachael Metcalf <rmetcalf@cs.utexas.edu>
Date:   Wed Oct 19 14:52:08 2016 -0500

    Merge branch 'dev' of https://github.com/JulieM13/PartyPeople-Phase1 into dev

commit 35f8fecc6999424c6f8d3474d7e9d7af57c539de
Author: Julie Muzy <jmuzy@cs.utexas.edu>
Date:   Wed Oct 19 14:51:55 2016 -0500

    Finished up the About page. Need to add final stats once we have them.

commit 7deef318293353028e90621dea9ee7a54286b0ff
Merge: 9862051 1f24218
Author: Justin <tran.d.justin@gmail.com>
Date:   Wed Oct 19 14:50:42 2016 -0500

    Merge branch 'dev' of https://github.com/JulieM13/PartyPeople-Phase1 into dev

commit 986205189540e9b10034c1b26124e9a0106ca5d5
Author: Justin <tran.d.justin@gmail.com>
Date:   Wed Oct 19 14:50:37 2016 -0500

    clean up formatting of states and elections pages

commit 039a50343e54ac62bf47053b57477cbb3015b804
Merge: db9f334 1f24218
Author: rachael Metcalf <rmetcalf@cs.utexas.edu>
Date:   Wed Oct 19 14:46:41 2016 -0500

    Merge branch 'dev' of https://github.com/JulieM13/PartyPeople-Phase1 into dev

commit db9f334ab5d68e530f259309c62d6dcb8033e45e
Author: rachael Metcalf <rmetcalf@cs.utexas.edu>
Date:   Wed Oct 19 14:46:37 2016 -0500

    added home page

commit 1f24218916a353c06ff7b78ae34e83eccc47f074
Merge: 847c836 76efacb
Author: Phoenix Bishea <phoenixb@utexas.edu>
Date:   Wed Oct 19 14:24:30 2016 -0500

    Merge template changes with makefile changes

commit 847c83618435271add29edbfa7a688d693580a38
Author: Phoenix Bishea <phoenixb@utexas.edu>
Date:   Wed Oct 19 14:23:41 2016 -0500

    Add preliminary makefile and update packages installed by .travis.yml

commit 76efacb4f1f200cb6710466e7623ea6964d42fb5
Author: Justin <tran.d.justin@gmail.com>
Date:   Wed Oct 19 13:50:56 2016 -0500

    enlarge and center text on models tables pages

commit edf485e98e77e93ec29ab1932b274b2a08840571
Author: Itoro <esiere.i@gmail.com>
Date:   Wed Oct 19 13:45:26 2016 -0500

    Bootstrap added to Parties and Candidates Static pages

commit afd14ad2ac0fbfec857982be1a67d09b9c1924b3
Author: Itoro <esiere.i@gmail.com>
Date:   Wed Oct 19 13:26:08 2016 -0500

    model template update

commit b9a4bd20c7a4e47d1dd826049a8b006fc1f7dbfd
Author: Phoenix Bishea <phoenixb@utexas.edu>
Date:   Wed Oct 19 12:56:17 2016 -0500

    Exclude __pycache__ folders with .gitignore

commit b13b6d1707901b71c7c274a44f708b184e4febe3
Author: Phoenix Bishea <phoenixb@utexas.edu>
Date:   Wed Oct 19 12:55:04 2016 -0500

    remove unneeded pycache folder

commit 884679d84ccb1baf95237cbeb947dc66f53e2513
Author: Julie Muzy <julie.m.muzy@gmail.com>
Date:   Wed Oct 19 12:51:23 2016 -0500

    Created the API documentation using Apiary

commit 515758852acbf9eee89148e4621008aa2d6bb613
Author: Phoenix Bishea <phoenixb@utexas.edu>
Date:   Wed Oct 19 12:44:25 2016 -0500

    Remove .idea IDE folder

commit f1118072f744e04738b4eb86dd91998f0d22fa9c
Author: GreatImNate <nathan.seegmiller@utexas.edu>
Date:   Wed Oct 19 12:39:31 2016 -0500

    added line in gitignore to ignore ide files, minor changes to other two files

commit 9cb7c96e53bfd3a2f793c827504c27f522df22f2
Author: Justin <tran.d.justin@gmail.com>
Date:   Tue Oct 18 19:24:20 2016 -0500

    tables now sortable

commit 97eec1fd0ef056c9eb2c1606afb5c520d8489352
Author: Julie Muzy <jmuzy@cs.utexas.edu>
Date:   Tue Oct 18 18:23:48 2016 -0500

    Started on the about page. Still awaiting information from team members and need input on data and tools used.

commit 6254166d718c9c401ee684204430cd97358d9923
Merge: 9bc0e7c bf3502a
Author: GreatImNate <nathan.seegmiller@utexas.edu>
Date:   Tue Oct 18 18:04:28 2016 -0500

    Merge branch 'dev' of https://github.com/JulieM13/PartyPeople-Phase1 into dev

commit 9bc0e7c1d94f3c891309f951b7118c14e1b305a9
Author: GreatImNate <nathan.seegmiller@utexas.edu>
Date:   Tue Oct 18 18:04:19 2016 -0500

    Started writing the schema classes for the pillars as well as writing the class for unit testing. Further investigation is needed into how to work with SQLAlchemy and postgresql. The two unit tests that have been written will work for this phase of the project and can be extrapolated to other pages easily, but will need to be revisited for later phases of the project

commit bf3502a061aae55323d16bf065c9b440233fd49b
Author: Justin <tran.d.justin@gmail.com>
Date:   Tue Oct 18 17:40:21 2016 -0500

    Add model pages with clickable links

commit b2c57058e2ce9a22f6d5c8dab23f327416d9d23b
Author: Itoro <esiere.i@gmail.com>
Date:   Tue Oct 18 17:29:47 2016 -0500

    fix broken links

commit bbd3ea42a5cd16daed220bdb51520c49b7d98422
Author: Itoro <esiere.i@gmail.com>
Date:   Tue Oct 18 17:27:33 2016 -0500

    fixed broken links

commit 38d54beb460b5fc21c969864c8f54f5cb0c09b1b
Author: Itoro <esiere.i@gmail.com>
Date:   Tue Oct 18 17:22:21 2016 -0500

    route change

commit a588d7ec7027e4c4ca586b7f5f5851476573d2ee
Author: Itoro <esiere.i@gmail.com>
Date:   Tue Oct 18 16:45:21 2016 -0500

    candidate and party static pages

commit 8efd713876368e7ee94a25f3ff44f464712ed24d
Author: Jason Vila <Jason Vila>
Date:   Tue Oct 18 13:34:01 2016 -0500

    Skeleton static pages for States and Elections.

commit e33dea4e390531a6f62000d663ee866e937f61fa
Author: Itoro <esiere.i@gmail.com>
Date:   Tue Oct 18 12:14:02 2016 -0500

    Candidate static pages

commit f9c68f156662a1f9dbc5c22d8cdf08fb34519cb7
Author: Julie Muzy <jmuzy@cs.utexas.edu>
Date:   Tue Oct 18 12:06:58 2016 -0500

    Added routes to about and models page, with dummy html files.

commit ba5883bdb14def4e9871f716735d21c2b4d73818
Author: Julie Muzy <jmuzy@cs.utexas.edu>
Date:   Tue Oct 18 12:01:50 2016 -0500

    Created routes for all the static pages and they go to dummy html pages.

commit 006a816b9a4eb9c660c611b364c4c183d9117f10
Author: Julie Muzy <jmuzy@cs.utexas.edu>
Date:   Tue Oct 18 11:53:54 2016 -0500

    Added the routing to all the static pages plus dummy webpages for all of them. People now just need to overwrite the dummy html files with the correct files.

commit 69e7d60da0f62eef477e56d243a2d90c5d47bae5
Author: Phoenix Bishea <phoenixb@utexas.edu>
Date:   Mon Oct 17 21:33:01 2016 -0500

    Attempt to fix .travis.yml formatting

commit e0013efddbb0f86a3c24bc72f7bc40b980373bb4
Author: Phoenix Bishea <phoenixb@utexas.edu>
Date:   Mon Oct 17 21:29:52 2016 -0500

    Trigger build to test deployment

commit c30599e8296e16cc94bfd59f1f3b7a404c15a04a
Author: Phoenix Bishea <phoenixb@utexas.edu>
Date:   Mon Oct 17 21:25:53 2016 -0500

    Try splitting deployment into dev and master branch

commit c67401549aba663472014523a7ad334a9995b076
Merge: 5ef73af 95bcba2
Author: Phoenix Bishea <phoenixb@utexas.edu>
Date:   Mon Oct 17 21:17:44 2016 -0500

    Attempt to fix encryption key again

commit 5ef73af7896f26881ff11665e732eaff98eda891
Author: Phoenix Bishea <phoenixb@utexas.edu>
Date:   Mon Oct 17 21:15:08 2016 -0500

    Try fixing encryption keys again

commit 95bcba23839fdd870aa76fbd4724e127493cdac2
Merge: f6d3b7b 4f61316
Author: GreatImNate <nathan.seegmiller@utexas.edu>
Date:   Mon Oct 17 21:11:48 2016 -0500

    Merge branch 'dev' of https://github.com/JulieM13/PartyPeople-Phase1 into dev

commit f6d3b7bf649df5c430774e344a74d53058a110aa
Author: GreatImNate <nathan.seegmiller@utexas.edu>
Date:   Mon Oct 17 21:09:39 2016 -0500

    Adding Bootstrap to the directory

commit 4f61316ceabaac4ead6f368d2ccdb49640e451fc
Author: Phoenix Bishea <phoenixb@utexas.edu>
Date:   Mon Oct 17 21:07:20 2016 -0500

    Update encryption keys

commit 4c89aadd5cddb0b86e29c08b3ee077f6ee5dbe7a
Merge: 116f07d 5f547d8
Author: Phoenix Bishea <phoenixb@utexas.edu>
Date:   Mon Oct 17 20:49:46 2016 -0500

    merge files

commit 116f07da3aa09d0fa71e0277699516f577be3169
Author: Phoenix Bishea <phoenixb@utexas.edu>
Date:   Mon Oct 17 20:47:20 2016 -0500

    Add .travis.yml file

commit 4044a69201f8f8cfa1042bc0abb76c9a74d53715
Author: Phoenix Bishea <phoenixb@utexas.edu>
Date:   Mon Oct 17 20:46:48 2016 -0500

    Rearrange files, add .travis.yml that builds on push, cleanup existing files, and update .gitignore

commit 5f547d822df1e0bcaa72230b914efc0473055dc0
Author: GreatImNate <nathan.seegmiller@utexas.edu>
Date:   Mon Oct 17 20:40:35 2016 -0500

    removed the folder containing the virtual env as it is unecessary

commit 19375e02bc27955530a928c6562b60f8ff724d5e
Author: GreatImNate <nathan.seegmiller@utexas.edu>
Date:   Mon Oct 17 16:16:08 2016 -0500

    Hello world starting point

commit 529c6478b55fcd625a813e63aa57261daea6c4e3
Author: Julie Muzy <julie.m.muzy@gmail.com>
Date:   Sun Oct 16 21:55:18 2016 -0500

    Transferring API Description file from Apiary.io

commit 36af96a3fb9eb4d3ed7c822ea51dae3cf6505735
Author: Julie Muzy <julie.m.muzy@gmail.com>
Date:   Sun Oct 16 18:09:42 2016 -0500

    Initial commit
